02.03.2023 - 22:06:58 - [TAB v3.1.1] Player placeholder %vault-suffix% generated an error when setting for player Trxor
02.03.2023 - 22:06:58 - java.lang.NoClassDefFoundError: me/lucko/luckperms/common/util/UniqueIdType
02.03.2023 - 22:06:58 - 	at me.lucko.luckperms.bukkit.vault.LuckPermsVaultPermission.lookupUser(LuckPermsVaultPermission.java:141)
02.03.2023 - 22:06:58 - 	at me.lucko.luckperms.bukkit.vault.LuckPermsVaultChat.getUserChatSuffix(LuckPermsVaultChat.java:108)
02.03.2023 - 22:06:58 - 	at me.lucko.luckperms.bukkit.vault.AbstractVaultChat.getPlayerSuffix(AbstractVaultChat.java:215)
02.03.2023 - 22:06:58 - 	at me.neznamy.tab.platforms.bukkit.BukkitPlaceholderRegistry.lambda$registerPlaceholders$8(BukkitPlaceholderRegistry.java:113)
02.03.2023 - 22:06:58 - 	at me.neznamy.tab.shared.placeholders.PlayerPlaceholderImpl.request(PlayerPlaceholderImpl.java:118)
02.03.2023 - 22:06:58 - 	at me.neznamy.tab.shared.placeholders.PlayerPlaceholderImpl.update(PlayerPlaceholderImpl.java:52)
02.03.2023 - 22:06:58 - 	at me.neznamy.tab.shared.features.PlaceholderManagerImpl.updatePlayerPlaceholder(PlaceholderManagerImpl.java:121)
02.03.2023 - 22:06:58 - 	at me.neznamy.tab.shared.features.PlaceholderManagerImpl.refresh(PlaceholderManagerImpl.java:67)
02.03.2023 - 22:06:58 - 	at me.neznamy.tab.shared.CpuManager.lambda$runMeasuredTask$8(CpuManager.java:351)
02.03.2023 - 22:06:58 - 	at me.neznamy.tab.shared.CpuManager.lambda$submit$1(CpuManager.java:113)
02.03.2023 - 22:06:58 - 	at java.base/java.util.concurrent.Executors$RunnableAdapter.call(Executors.java:515)
02.03.2023 - 22:06:58 - 	at java.base/java.util.concurrent.FutureTask.run(FutureTask.java:264)
02.03.2023 - 22:06:58 - 	at java.base/java.util.concurrent.ThreadPoolExecutor.runWorker(ThreadPoolExecutor.java:1128)
02.03.2023 - 22:06:58 - 	at java.base/java.util.concurrent.ThreadPoolExecutor$Worker.run(ThreadPoolExecutor.java:628)
02.03.2023 - 22:06:58 - 	at java.base/java.lang.Thread.run(Thread.java:834)
02.03.2023 - 22:06:58 - [TAB v3.1.1] Player placeholder %vault-prefix% generated an error when setting for player Trxor
02.03.2023 - 22:06:58 - java.lang.NoClassDefFoundError: me/lucko/luckperms/common/util/UniqueIdType
02.03.2023 - 22:06:58 - 	at me.lucko.luckperms.bukkit.vault.LuckPermsVaultPermission.lookupUser(LuckPermsVaultPermission.java:141)
02.03.2023 - 22:06:58 - 	at me.lucko.luckperms.bukkit.vault.LuckPermsVaultChat.getUserChatPrefix(LuckPermsVaultChat.java:98)
02.03.2023 - 22:06:58 - 	at me.lucko.luckperms.bukkit.vault.AbstractVaultChat.getPlayerPrefix(AbstractVaultChat.java:167)
02.03.2023 - 22:06:58 - 	at me.neznamy.tab.platforms.bukkit.BukkitPlaceholderRegistry.lambda$registerPlaceholders$7(BukkitPlaceholderRegistry.java:112)
02.03.2023 - 22:06:58 - 	at me.neznamy.tab.shared.placeholders.PlayerPlaceholderImpl.request(PlayerPlaceholderImpl.java:118)
02.03.2023 - 22:06:58 - 	at me.neznamy.tab.shared.placeholders.PlayerPlaceholderImpl.update(PlayerPlaceholderImpl.java:52)
02.03.2023 - 22:06:58 - 	at me.neznamy.tab.shared.features.PlaceholderManagerImpl.updatePlayerPlaceholder(PlaceholderManagerImpl.java:121)
02.03.2023 - 22:06:58 - 	at me.neznamy.tab.shared.features.PlaceholderManagerImpl.refresh(PlaceholderManagerImpl.java:67)
02.03.2023 - 22:06:58 - 	at me.neznamy.tab.shared.CpuManager.lambda$runMeasuredTask$8(CpuManager.java:351)
02.03.2023 - 22:06:58 - 	at me.neznamy.tab.shared.CpuManager.lambda$submit$1(CpuManager.java:113)
02.03.2023 - 22:06:58 - 	at java.base/java.util.concurrent.Executors$RunnableAdapter.call(Executors.java:515)
02.03.2023 - 22:06:58 - 	at java.base/java.util.concurrent.FutureTask.run(FutureTask.java:264)
02.03.2023 - 22:06:58 - 	at java.base/java.util.concurrent.ThreadPoolExecutor.runWorker(ThreadPoolExecutor.java:1128)
02.03.2023 - 22:06:58 - 	at java.base/java.util.concurrent.ThreadPoolExecutor$Worker.run(ThreadPoolExecutor.java:628)
02.03.2023 - 22:06:58 - 	at java.base/java.lang.Thread.run(Thread.java:834)
02.03.2023 - 22:06:59 - [TAB v3.1.1] Player placeholder %vault-suffix% generated an error when setting for player Trxor
02.03.2023 - 22:06:59 - java.lang.NoClassDefFoundError: me/lucko/luckperms/common/util/UniqueIdType
02.03.2023 - 22:06:59 - 	at me.lucko.luckperms.bukkit.vault.LuckPermsVaultPermission.lookupUser(LuckPermsVaultPermission.java:141)
02.03.2023 - 22:06:59 - 	at me.lucko.luckperms.bukkit.vault.LuckPermsVaultChat.getUserChatSuffix(LuckPermsVaultChat.java:108)
02.03.2023 - 22:06:59 - 	at me.lucko.luckperms.bukkit.vault.AbstractVaultChat.getPlayerSuffix(AbstractVaultChat.java:215)
02.03.2023 - 22:06:59 - 	at me.neznamy.tab.platforms.bukkit.BukkitPlaceholderRegistry.lambda$registerPlaceholders$8(BukkitPlaceholderRegistry.java:113)
02.03.2023 - 22:06:59 - 	at me.neznamy.tab.shared.placeholders.PlayerPlaceholderImpl.request(PlayerPlaceholderImpl.java:118)
02.03.2023 - 22:06:59 - 	at me.neznamy.tab.shared.placeholders.PlayerPlaceholderImpl.update(PlayerPlaceholderImpl.java:52)
02.03.2023 - 22:06:59 - 	at me.neznamy.tab.shared.features.PlaceholderManagerImpl.updatePlayerPlaceholder(PlaceholderManagerImpl.java:121)
02.03.2023 - 22:06:59 - 	at me.neznamy.tab.shared.features.PlaceholderManagerImpl.refresh(PlaceholderManagerImpl.java:67)
02.03.2023 - 22:06:59 - 	at me.neznamy.tab.shared.CpuManager.lambda$runMeasuredTask$8(CpuManager.java:351)
02.03.2023 - 22:06:59 - 	at me.neznamy.tab.shared.CpuManager.lambda$submit$1(CpuManager.java:113)
02.03.2023 - 22:06:59 - 	at java.base/java.util.concurrent.Executors$RunnableAdapter.call(Executors.java:515)
02.03.2023 - 22:06:59 - 	at java.base/java.util.concurrent.FutureTask.run(FutureTask.java:264)
02.03.2023 - 22:06:59 - 	at java.base/java.util.concurrent.ThreadPoolExecutor.runWorker(ThreadPoolExecutor.java:1128)
02.03.2023 - 22:06:59 - 	at java.base/java.util.concurrent.ThreadPoolExecutor$Worker.run(ThreadPoolExecutor.java:628)
02.03.2023 - 22:06:59 - 	at java.base/java.lang.Thread.run(Thread.java:834)
02.03.2023 - 22:06:59 - [TAB v3.1.1] Player placeholder %vault-prefix% generated an error when setting for player Trxor
02.03.2023 - 22:06:59 - java.lang.NoClassDefFoundError: me/lucko/luckperms/common/util/UniqueIdType
02.03.2023 - 22:06:59 - 	at me.lucko.luckperms.bukkit.vault.LuckPermsVaultPermission.lookupUser(LuckPermsVaultPermission.java:141)
02.03.2023 - 22:06:59 - 	at me.lucko.luckperms.bukkit.vault.LuckPermsVaultChat.getUserChatPrefix(LuckPermsVaultChat.java:98)
02.03.2023 - 22:06:59 - 	at me.lucko.luckperms.bukkit.vault.AbstractVaultChat.getPlayerPrefix(AbstractVaultChat.java:167)
02.03.2023 - 22:06:59 - 	at me.neznamy.tab.platforms.bukkit.BukkitPlaceholderRegistry.lambda$registerPlaceholders$7(BukkitPlaceholderRegistry.java:112)
02.03.2023 - 22:06:59 - 	at me.neznamy.tab.shared.placeholders.PlayerPlaceholderImpl.request(PlayerPlaceholderImpl.java:118)
02.03.2023 - 22:06:59 - 	at me.neznamy.tab.shared.placeholders.PlayerPlaceholderImpl.update(PlayerPlaceholderImpl.java:52)
02.03.2023 - 22:06:59 - 	at me.neznamy.tab.shared.features.PlaceholderManagerImpl.updatePlayerPlaceholder(PlaceholderManagerImpl.java:121)
02.03.2023 - 22:06:59 - 	at me.neznamy.tab.shared.features.PlaceholderManagerImpl.refresh(PlaceholderManagerImpl.java:67)
02.03.2023 - 22:06:59 - 	at me.neznamy.tab.shared.CpuManager.lambda$runMeasuredTask$8(CpuManager.java:351)
02.03.2023 - 22:06:59 - 	at me.neznamy.tab.shared.CpuManager.lambda$submit$1(CpuManager.java:113)
02.03.2023 - 22:06:59 - 	at java.base/java.util.concurrent.Executors$RunnableAdapter.call(Executors.java:515)
02.03.2023 - 22:06:59 - 	at java.base/java.util.concurrent.FutureTask.run(FutureTask.java:264)
02.03.2023 - 22:06:59 - 	at java.base/java.util.concurrent.ThreadPoolExecutor.runWorker(ThreadPoolExecutor.java:1128)
02.03.2023 - 22:06:59 - 	at java.base/java.util.concurrent.ThreadPoolExecutor$Worker.run(ThreadPoolExecutor.java:628)
02.03.2023 - 22:06:59 - 	at java.base/java.lang.Thread.run(Thread.java:834)
02.03.2023 - 22:07:00 - [TAB v3.1.1] Player placeholder %vault-suffix% generated an error when setting for player Trxor
02.03.2023 - 22:07:00 - java.lang.NoClassDefFoundError: me/lucko/luckperms/common/util/UniqueIdType
02.03.2023 - 22:07:00 - 	at me.lucko.luckperms.bukkit.vault.LuckPermsVaultPermission.lookupUser(LuckPermsVaultPermission.java:141)
02.03.2023 - 22:07:00 - 	at me.lucko.luckperms.bukkit.vault.LuckPermsVaultChat.getUserChatSuffix(LuckPermsVaultChat.java:108)
02.03.2023 - 22:07:00 - 	at me.lucko.luckperms.bukkit.vault.AbstractVaultChat.getPlayerSuffix(AbstractVaultChat.java:215)
02.03.2023 - 22:07:00 - 	at me.neznamy.tab.platforms.bukkit.BukkitPlaceholderRegistry.lambda$registerPlaceholders$8(BukkitPlaceholderRegistry.java:113)
02.03.2023 - 22:07:00 - 	at me.neznamy.tab.shared.placeholders.PlayerPlaceholderImpl.request(PlayerPlaceholderImpl.java:118)
02.03.2023 - 22:07:00 - 	at me.neznamy.tab.shared.placeholders.PlayerPlaceholderImpl.update(PlayerPlaceholderImpl.java:52)
02.03.2023 - 22:07:00 - 	at me.neznamy.tab.shared.features.PlaceholderManagerImpl.updatePlayerPlaceholder(PlaceholderManagerImpl.java:121)
02.03.2023 - 22:07:00 - 	at me.neznamy.tab.shared.features.PlaceholderManagerImpl.refresh(PlaceholderManagerImpl.java:67)
02.03.2023 - 22:07:00 - 	at me.neznamy.tab.shared.CpuManager.lambda$runMeasuredTask$8(CpuManager.java:351)
02.03.2023 - 22:07:00 - 	at me.neznamy.tab.shared.CpuManager.lambda$submit$1(CpuManager.java:113)
02.03.2023 - 22:07:00 - 	at java.base/java.util.concurrent.Executors$RunnableAdapter.call(Executors.java:515)
02.03.2023 - 22:07:00 - 	at java.base/java.util.concurrent.FutureTask.run(FutureTask.java:264)
02.03.2023 - 22:07:00 - 	at java.base/java.util.concurrent.ThreadPoolExecutor.runWorker(ThreadPoolExecutor.java:1128)
02.03.2023 - 22:07:00 - 	at java.base/java.util.concurrent.ThreadPoolExecutor$Worker.run(ThreadPoolExecutor.java:628)
02.03.2023 - 22:07:00 - 	at java.base/java.lang.Thread.run(Thread.java:834)
02.03.2023 - 22:07:00 - [TAB v3.1.1] Player placeholder %vault-prefix% generated an error when setting for player Trxor
02.03.2023 - 22:07:00 - java.lang.NoClassDefFoundError: me/lucko/luckperms/common/util/UniqueIdType
02.03.2023 - 22:07:00 - 	at me.lucko.luckperms.bukkit.vault.LuckPermsVaultPermission.lookupUser(LuckPermsVaultPermission.java:141)
02.03.2023 - 22:07:00 - 	at me.lucko.luckperms.bukkit.vault.LuckPermsVaultChat.getUserChatPrefix(LuckPermsVaultChat.java:98)
02.03.2023 - 22:07:00 - 	at me.lucko.luckperms.bukkit.vault.AbstractVaultChat.getPlayerPrefix(AbstractVaultChat.java:167)
02.03.2023 - 22:07:00 - 	at me.neznamy.tab.platforms.bukkit.BukkitPlaceholderRegistry.lambda$registerPlaceholders$7(BukkitPlaceholderRegistry.java:112)
02.03.2023 - 22:07:00 - 	at me.neznamy.tab.shared.placeholders.PlayerPlaceholderImpl.request(PlayerPlaceholderImpl.java:118)
02.03.2023 - 22:07:00 - 	at me.neznamy.tab.shared.placeholders.PlayerPlaceholderImpl.update(PlayerPlaceholderImpl.java:52)
02.03.2023 - 22:07:00 - 	at me.neznamy.tab.shared.features.PlaceholderManagerImpl.updatePlayerPlaceholder(PlaceholderManagerImpl.java:121)
02.03.2023 - 22:07:00 - 	at me.neznamy.tab.shared.features.PlaceholderManagerImpl.refresh(PlaceholderManagerImpl.java:67)
02.03.2023 - 22:07:00 - 	at me.neznamy.tab.shared.CpuManager.lambda$runMeasuredTask$8(CpuManager.java:351)
02.03.2023 - 22:07:00 - 	at me.neznamy.tab.shared.CpuManager.lambda$submit$1(CpuManager.java:113)
02.03.2023 - 22:07:00 - 	at java.base/java.util.concurrent.Executors$RunnableAdapter.call(Executors.java:515)
02.03.2023 - 22:07:00 - 	at java.base/java.util.concurrent.FutureTask.run(FutureTask.java:264)
02.03.2023 - 22:07:00 - 	at java.base/java.util.concurrent.ThreadPoolExecutor.runWorker(ThreadPoolExecutor.java:1128)
02.03.2023 - 22:07:00 - 	at java.base/java.util.concurrent.ThreadPoolExecutor$Worker.run(ThreadPoolExecutor.java:628)
02.03.2023 - 22:07:00 - 	at java.base/java.lang.Thread.run(Thread.java:834)
02.03.2023 - 22:07:01 - [TAB v3.1.1] Player placeholder %vault-suffix% generated an error when setting for player Trxor
02.03.2023 - 22:07:01 - java.lang.NoClassDefFoundError: me/lucko/luckperms/common/util/UniqueIdType
02.03.2023 - 22:07:01 - 	at me.lucko.luckperms.bukkit.vault.LuckPermsVaultPermission.lookupUser(LuckPermsVaultPermission.java:141)
02.03.2023 - 22:07:01 - 	at me.lucko.luckperms.bukkit.vault.LuckPermsVaultChat.getUserChatSuffix(LuckPermsVaultChat.java:108)
02.03.2023 - 22:07:01 - 	at me.lucko.luckperms.bukkit.vault.AbstractVaultChat.getPlayerSuffix(AbstractVaultChat.java:215)
02.03.2023 - 22:07:01 - 	at me.neznamy.tab.platforms.bukkit.BukkitPlaceholderRegistry.lambda$registerPlaceholders$8(BukkitPlaceholderRegistry.java:113)
02.03.2023 - 22:07:01 - 	at me.neznamy.tab.shared.placeholders.PlayerPlaceholderImpl.request(PlayerPlaceholderImpl.java:118)
02.03.2023 - 22:07:01 - 	at me.neznamy.tab.shared.placeholders.PlayerPlaceholderImpl.update(PlayerPlaceholderImpl.java:52)
02.03.2023 - 22:07:01 - 	at me.neznamy.tab.shared.features.PlaceholderManagerImpl.updatePlayerPlaceholder(PlaceholderManagerImpl.java:121)
02.03.2023 - 22:07:01 - 	at me.neznamy.tab.shared.features.PlaceholderManagerImpl.refresh(PlaceholderManagerImpl.java:67)
02.03.2023 - 22:07:01 - 	at me.neznamy.tab.shared.CpuManager.lambda$runMeasuredTask$8(CpuManager.java:351)
02.03.2023 - 22:07:01 - 	at me.neznamy.tab.shared.CpuManager.lambda$submit$1(CpuManager.java:113)
02.03.2023 - 22:07:01 - 	at java.base/java.util.concurrent.Executors$RunnableAdapter.call(Executors.java:515)
02.03.2023 - 22:07:01 - 	at java.base/java.util.concurrent.FutureTask.run(FutureTask.java:264)
02.03.2023 - 22:07:01 - 	at java.base/java.util.concurrent.ThreadPoolExecutor.runWorker(ThreadPoolExecutor.java:1128)
02.03.2023 - 22:07:01 - 	at java.base/java.util.concurrent.ThreadPoolExecutor$Worker.run(ThreadPoolExecutor.java:628)
02.03.2023 - 22:07:01 - 	at java.base/java.lang.Thread.run(Thread.java:834)
02.03.2023 - 22:07:01 - [TAB v3.1.1] Player placeholder %vault-prefix% generated an error when setting for player Trxor
02.03.2023 - 22:07:01 - java.lang.NoClassDefFoundError: me/lucko/luckperms/common/util/UniqueIdType
02.03.2023 - 22:07:01 - 	at me.lucko.luckperms.bukkit.vault.LuckPermsVaultPermission.lookupUser(LuckPermsVaultPermission.java:141)
02.03.2023 - 22:07:01 - 	at me.lucko.luckperms.bukkit.vault.LuckPermsVaultChat.getUserChatPrefix(LuckPermsVaultChat.java:98)
02.03.2023 - 22:07:01 - 	at me.lucko.luckperms.bukkit.vault.AbstractVaultChat.getPlayerPrefix(AbstractVaultChat.java:167)
02.03.2023 - 22:07:01 - 	at me.neznamy.tab.platforms.bukkit.BukkitPlaceholderRegistry.lambda$registerPlaceholders$7(BukkitPlaceholderRegistry.java:112)
02.03.2023 - 22:07:01 - 	at me.neznamy.tab.shared.placeholders.PlayerPlaceholderImpl.request(PlayerPlaceholderImpl.java:118)
02.03.2023 - 22:07:01 - 	at me.neznamy.tab.shared.placeholders.PlayerPlaceholderImpl.update(PlayerPlaceholderImpl.java:52)
02.03.2023 - 22:07:01 - 	at me.neznamy.tab.shared.features.PlaceholderManagerImpl.updatePlayerPlaceholder(PlaceholderManagerImpl.java:121)
02.03.2023 - 22:07:01 - 	at me.neznamy.tab.shared.features.PlaceholderManagerImpl.refresh(PlaceholderManagerImpl.java:67)
02.03.2023 - 22:07:01 - 	at me.neznamy.tab.shared.CpuManager.lambda$runMeasuredTask$8(CpuManager.java:351)
02.03.2023 - 22:07:01 - 	at me.neznamy.tab.shared.CpuManager.lambda$submit$1(CpuManager.java:113)
02.03.2023 - 22:07:01 - 	at java.base/java.util.concurrent.Executors$RunnableAdapter.call(Executors.java:515)
02.03.2023 - 22:07:01 - 	at java.base/java.util.concurrent.FutureTask.run(FutureTask.java:264)
02.03.2023 - 22:07:01 - 	at java.base/java.util.concurrent.ThreadPoolExecutor.runWorker(ThreadPoolExecutor.java:1128)
02.03.2023 - 22:07:01 - 	at java.base/java.util.concurrent.ThreadPoolExecutor$Worker.run(ThreadPoolExecutor.java:628)
02.03.2023 - 22:07:01 - 	at java.base/java.lang.Thread.run(Thread.java:834)
02.03.2023 - 22:07:02 - [TAB v3.1.1] Player placeholder %vault-suffix% generated an error when setting for player Trxor
02.03.2023 - 22:07:02 - java.lang.NoClassDefFoundError: me/lucko/luckperms/common/util/UniqueIdType
02.03.2023 - 22:07:02 - 	at me.lucko.luckperms.bukkit.vault.LuckPermsVaultPermission.lookupUser(LuckPermsVaultPermission.java:141)
02.03.2023 - 22:07:02 - 	at me.lucko.luckperms.bukkit.vault.LuckPermsVaultChat.getUserChatSuffix(LuckPermsVaultChat.java:108)
02.03.2023 - 22:07:02 - 	at me.lucko.luckperms.bukkit.vault.AbstractVaultChat.getPlayerSuffix(AbstractVaultChat.java:215)
02.03.2023 - 22:07:02 - 	at me.neznamy.tab.platforms.bukkit.BukkitPlaceholderRegistry.lambda$registerPlaceholders$8(BukkitPlaceholderRegistry.java:113)
02.03.2023 - 22:07:02 - 	at me.neznamy.tab.shared.placeholders.PlayerPlaceholderImpl.request(PlayerPlaceholderImpl.java:118)
02.03.2023 - 22:07:02 - 	at me.neznamy.tab.shared.placeholders.PlayerPlaceholderImpl.update(PlayerPlaceholderImpl.java:52)
02.03.2023 - 22:07:02 - 	at me.neznamy.tab.shared.features.PlaceholderManagerImpl.updatePlayerPlaceholder(PlaceholderManagerImpl.java:121)
02.03.2023 - 22:07:02 - 	at me.neznamy.tab.shared.features.PlaceholderManagerImpl.refresh(PlaceholderManagerImpl.java:67)
02.03.2023 - 22:07:02 - 	at me.neznamy.tab.shared.CpuManager.lambda$runMeasuredTask$8(CpuManager.java:351)
02.03.2023 - 22:07:02 - 	at me.neznamy.tab.shared.CpuManager.lambda$submit$1(CpuManager.java:113)
02.03.2023 - 22:07:02 - 	at java.base/java.util.concurrent.Executors$RunnableAdapter.call(Executors.java:515)
02.03.2023 - 22:07:02 - 	at java.base/java.util.concurrent.FutureTask.run(FutureTask.java:264)
02.03.2023 - 22:07:02 - 	at java.base/java.util.concurrent.ThreadPoolExecutor.runWorker(ThreadPoolExecutor.java:1128)
02.03.2023 - 22:07:02 - 	at java.base/java.util.concurrent.ThreadPoolExecutor$Worker.run(ThreadPoolExecutor.java:628)
02.03.2023 - 22:07:02 - 	at java.base/java.lang.Thread.run(Thread.java:834)
02.03.2023 - 22:07:02 - [TAB v3.1.1] Player placeholder %vault-prefix% generated an error when setting for player Trxor
02.03.2023 - 22:07:02 - java.lang.NoClassDefFoundError: me/lucko/luckperms/common/util/UniqueIdType
02.03.2023 - 22:07:02 - 	at me.lucko.luckperms.bukkit.vault.LuckPermsVaultPermission.lookupUser(LuckPermsVaultPermission.java:141)
02.03.2023 - 22:07:02 - 	at me.lucko.luckperms.bukkit.vault.LuckPermsVaultChat.getUserChatPrefix(LuckPermsVaultChat.java:98)
02.03.2023 - 22:07:02 - 	at me.lucko.luckperms.bukkit.vault.AbstractVaultChat.getPlayerPrefix(AbstractVaultChat.java:167)
02.03.2023 - 22:07:02 - 	at me.neznamy.tab.platforms.bukkit.BukkitPlaceholderRegistry.lambda$registerPlaceholders$7(BukkitPlaceholderRegistry.java:112)
02.03.2023 - 22:07:02 - 	at me.neznamy.tab.shared.placeholders.PlayerPlaceholderImpl.request(PlayerPlaceholderImpl.java:118)
02.03.2023 - 22:07:02 - 	at me.neznamy.tab.shared.placeholders.PlayerPlaceholderImpl.update(PlayerPlaceholderImpl.java:52)
02.03.2023 - 22:07:02 - 	at me.neznamy.tab.shared.features.PlaceholderManagerImpl.updatePlayerPlaceholder(PlaceholderManagerImpl.java:121)
02.03.2023 - 22:07:02 - 	at me.neznamy.tab.shared.features.PlaceholderManagerImpl.refresh(PlaceholderManagerImpl.java:67)
02.03.2023 - 22:07:02 - 	at me.neznamy.tab.shared.CpuManager.lambda$runMeasuredTask$8(CpuManager.java:351)
02.03.2023 - 22:07:02 - 	at me.neznamy.tab.shared.CpuManager.lambda$submit$1(CpuManager.java:113)
02.03.2023 - 22:07:02 - 	at java.base/java.util.concurrent.Executors$RunnableAdapter.call(Executors.java:515)
02.03.2023 - 22:07:02 - 	at java.base/java.util.concurrent.FutureTask.run(FutureTask.java:264)
02.03.2023 - 22:07:02 - 	at java.base/java.util.concurrent.ThreadPoolExecutor.runWorker(ThreadPoolExecutor.java:1128)
02.03.2023 - 22:07:02 - 	at java.base/java.util.concurrent.ThreadPoolExecutor$Worker.run(ThreadPoolExecutor.java:628)
02.03.2023 - 22:07:02 - 	at java.base/java.lang.Thread.run(Thread.java:834)
02.03.2023 - 22:07:03 - [TAB v3.1.1] Player placeholder %vault-suffix% generated an error when setting for player Trxor
02.03.2023 - 22:07:03 - java.lang.NoClassDefFoundError: me/lucko/luckperms/common/util/UniqueIdType
02.03.2023 - 22:07:03 - 	at me.lucko.luckperms.bukkit.vault.LuckPermsVaultPermission.lookupUser(LuckPermsVaultPermission.java:141)
02.03.2023 - 22:07:03 - 	at me.lucko.luckperms.bukkit.vault.LuckPermsVaultChat.getUserChatSuffix(LuckPermsVaultChat.java:108)
02.03.2023 - 22:07:03 - 	at me.lucko.luckperms.bukkit.vault.AbstractVaultChat.getPlayerSuffix(AbstractVaultChat.java:215)
02.03.2023 - 22:07:03 - 	at me.neznamy.tab.platforms.bukkit.BukkitPlaceholderRegistry.lambda$registerPlaceholders$8(BukkitPlaceholderRegistry.java:113)
02.03.2023 - 22:07:03 - 	at me.neznamy.tab.shared.placeholders.PlayerPlaceholderImpl.request(PlayerPlaceholderImpl.java:118)
02.03.2023 - 22:07:03 - 	at me.neznamy.tab.shared.placeholders.PlayerPlaceholderImpl.update(PlayerPlaceholderImpl.java:52)
02.03.2023 - 22:07:03 - 	at me.neznamy.tab.shared.features.PlaceholderManagerImpl.updatePlayerPlaceholder(PlaceholderManagerImpl.java:121)
02.03.2023 - 22:07:03 - 	at me.neznamy.tab.shared.features.PlaceholderManagerImpl.refresh(PlaceholderManagerImpl.java:67)
02.03.2023 - 22:07:03 - 	at me.neznamy.tab.shared.CpuManager.lambda$runMeasuredTask$8(CpuManager.java:351)
02.03.2023 - 22:07:03 - 	at me.neznamy.tab.shared.CpuManager.lambda$submit$1(CpuManager.java:113)
02.03.2023 - 22:07:03 - 	at java.base/java.util.concurrent.Executors$RunnableAdapter.call(Executors.java:515)
02.03.2023 - 22:07:03 - 	at java.base/java.util.concurrent.FutureTask.run(FutureTask.java:264)
02.03.2023 - 22:07:03 - 	at java.base/java.util.concurrent.ThreadPoolExecutor.runWorker(ThreadPoolExecutor.java:1128)
02.03.2023 - 22:07:03 - 	at java.base/java.util.concurrent.ThreadPoolExecutor$Worker.run(ThreadPoolExecutor.java:628)
02.03.2023 - 22:07:03 - 	at java.base/java.lang.Thread.run(Thread.java:834)
02.03.2023 - 22:07:03 - [TAB v3.1.1] Player placeholder %vault-prefix% generated an error when setting for player Trxor
02.03.2023 - 22:07:03 - java.lang.NoClassDefFoundError: me/lucko/luckperms/common/util/UniqueIdType
02.03.2023 - 22:07:03 - 	at me.lucko.luckperms.bukkit.vault.LuckPermsVaultPermission.lookupUser(LuckPermsVaultPermission.java:141)
02.03.2023 - 22:07:03 - 	at me.lucko.luckperms.bukkit.vault.LuckPermsVaultChat.getUserChatPrefix(LuckPermsVaultChat.java:98)
02.03.2023 - 22:07:03 - 	at me.lucko.luckperms.bukkit.vault.AbstractVaultChat.getPlayerPrefix(AbstractVaultChat.java:167)
02.03.2023 - 22:07:03 - 	at me.neznamy.tab.platforms.bukkit.BukkitPlaceholderRegistry.lambda$registerPlaceholders$7(BukkitPlaceholderRegistry.java:112)
02.03.2023 - 22:07:03 - 	at me.neznamy.tab.shared.placeholders.PlayerPlaceholderImpl.request(PlayerPlaceholderImpl.java:118)
02.03.2023 - 22:07:03 - 	at me.neznamy.tab.shared.placeholders.PlayerPlaceholderImpl.update(PlayerPlaceholderImpl.java:52)
02.03.2023 - 22:07:03 - 	at me.neznamy.tab.shared.features.PlaceholderManagerImpl.updatePlayerPlaceholder(PlaceholderManagerImpl.java:121)
02.03.2023 - 22:07:03 - 	at me.neznamy.tab.shared.features.PlaceholderManagerImpl.refresh(PlaceholderManagerImpl.java:67)
02.03.2023 - 22:07:03 - 	at me.neznamy.tab.shared.CpuManager.lambda$runMeasuredTask$8(CpuManager.java:351)
02.03.2023 - 22:07:03 - 	at me.neznamy.tab.shared.CpuManager.lambda$submit$1(CpuManager.java:113)
02.03.2023 - 22:07:03 - 	at java.base/java.util.concurrent.Executors$RunnableAdapter.call(Executors.java:515)
02.03.2023 - 22:07:03 - 	at java.base/java.util.concurrent.FutureTask.run(FutureTask.java:264)
02.03.2023 - 22:07:03 - 	at java.base/java.util.concurrent.ThreadPoolExecutor.runWorker(ThreadPoolExecutor.java:1128)
02.03.2023 - 22:07:03 - 	at java.base/java.util.concurrent.ThreadPoolExecutor$Worker.run(ThreadPoolExecutor.java:628)
02.03.2023 - 22:07:03 - 	at java.base/java.lang.Thread.run(Thread.java:834)
