[23-03-02 22:02:01] [INFO] [DEBUG] onEnable start -> 1677783721833

[23-03-02 22:02:01] [INFO] Using Economy Provider: net.milkbowl.vault.economy.plugins.Economy_Essentials
[23-03-02 22:02:01] [INFO] [DEBUG] Starting load of Config at 1677783721913
[23-03-02 22:02:01] [INFO] [DEBUG] Config has been loaded. (took 9ms)
[23-03-02 22:02:01] [INFO] [DEBUG] Starting load of Lang at 1677783721922
[23-03-02 22:02:01] [INFO] [DEBUG] Lang has been loaded. (took 14ms)
[23-03-02 22:02:01] [INFO] [DEBUG] Starting load of UserManagerImpl at 1677783721936
[23-03-02 22:02:01] [INFO] [DEBUG] UserManagerImpl has been loaded. (took 0ms)
[23-03-02 22:02:01] [INFO] [DEBUG] Starting load of GuiListener at 1677783721937
[23-03-02 22:02:01] [INFO] [DEBUG] GuiListener has been loaded. (took 0ms)
[23-03-02 22:02:01] [INFO] [DEBUG] Starting load of KitManagerImpl at 1677783721937
[23-03-02 22:02:02] [INFO] KitManagerImpl: Loaded 3 kit(s).
[23-03-02 22:02:02] [INFO] [DEBUG] KitManagerImpl has been loaded. (took 170ms)
[23-03-02 22:02:02] [INFO] [DEBUG] Starting load of ArenaManagerImpl at 1677783722107
[23-03-02 22:02:02] [INFO] ArenaManagerImpl: Loaded 8 arena(s).
[23-03-02 22:02:02] [INFO] [DEBUG] ArenaManagerImpl has been loaded. (took 16ms)
[23-03-02 22:02:02] [INFO] [DEBUG] Starting load of SettingsManager at 1677783722123
[23-03-02 22:02:02] [INFO] [DEBUG] SettingsManager has been loaded. (took 0ms)
[23-03-02 22:02:02] [INFO] [DEBUG] Starting load of PlayerInfoManager at 1677783722123
[23-03-02 22:02:02] [WARNING] PlayerInfoManager: Lobby location was not set, using trxzort's spawn location as default. Use the command /duels setlobby in-game to set the lobby location.
[23-03-02 22:02:02] [INFO] [DEBUG] PlayerInfoManager has been loaded. (took 6ms)
[23-03-02 22:02:02] [INFO] [DEBUG] Starting load of SpectateManagerImpl at 1677783722129
[23-03-02 22:02:02] [INFO] [DEBUG] SpectateManagerImpl has been loaded. (took 0ms)
[23-03-02 22:02:02] [INFO] [DEBUG] Starting load of BettingManager at 1677783722129
[23-03-02 22:02:02] [INFO] [DEBUG] BettingManager has been loaded. (took 0ms)
[23-03-02 22:02:02] [INFO] [DEBUG] Starting load of InventoryManager at 1677783722129
[23-03-02 22:02:02] [INFO] [DEBUG] InventoryManager has been loaded. (took 1ms)
[23-03-02 22:02:02] [INFO] [DEBUG] Starting load of DuelManager at 1677783722130
[23-03-02 22:02:02] [INFO] [DEBUG] DuelManager has been loaded. (took 0ms)
[23-03-02 22:02:02] [INFO] [DEBUG] Starting load of QueueManager at 1677783722130
[23-03-02 22:02:02] [INFO] QueueManager: Loaded 0 queue(s).
[23-03-02 22:02:02] [INFO] [DEBUG] QueueManager has been loaded. (took 3ms)
[23-03-02 22:02:02] [INFO] [DEBUG] Starting load of QueueSignManagerImpl at 1677783722133
[23-03-02 22:02:02] [INFO] QueueSignManagerImpl: Loaded 0 queue sign(s).
[23-03-02 22:02:02] [INFO] [DEBUG] QueueSignManagerImpl has been loaded. (took 2ms)
[23-03-02 22:02:02] [INFO] [DEBUG] Starting load of RequestManager at 1677783722135
[23-03-02 22:02:02] [INFO] [DEBUG] RequestManager has been loaded. (took 0ms)
[23-03-02 22:02:02] [INFO] [DEBUG] Starting load of Teleport at 1677783722135
[23-03-02 22:02:02] [INFO] [DEBUG] Teleport has been loaded. (took 0ms)
[23-03-02 22:02:02] [INFO] [DEBUG] Starting load of ExtensionManager at 1677783722135
[23-03-02 22:02:02] [INFO] [DEBUG] ExtensionManager has been loaded. (took 1ms)
[23-03-02 22:02:02] [INFO] No updates were available. You are on the latest version!
[23-03-02 22:07:42] [INFO] [DEBUG] onEnable start -> 1677784062056

[23-03-02 22:07:42] [INFO] Using Economy Provider: net.milkbowl.vault.economy.plugins.Economy_Essentials
[23-03-02 22:07:42] [INFO] [DEBUG] Starting load of Config at 1677784062140
[23-03-02 22:07:42] [INFO] [DEBUG] Config has been loaded. (took 7ms)
[23-03-02 22:07:42] [INFO] [DEBUG] Starting load of Lang at 1677784062147
[23-03-02 22:07:42] [INFO] [DEBUG] Lang has been loaded. (took 13ms)
[23-03-02 22:07:42] [INFO] [DEBUG] Starting load of UserManagerImpl at 1677784062161
[23-03-02 22:07:42] [INFO] [DEBUG] UserManagerImpl has been loaded. (took 0ms)
[23-03-02 22:07:42] [INFO] [DEBUG] Starting load of GuiListener at 1677784062161
[23-03-02 22:07:42] [INFO] [DEBUG] GuiListener has been loaded. (took 0ms)
[23-03-02 22:07:42] [INFO] [DEBUG] Starting load of KitManagerImpl at 1677784062161
[23-03-02 22:07:42] [INFO] KitManagerImpl: Loaded 3 kit(s).
[23-03-02 22:07:42] [INFO] [DEBUG] KitManagerImpl has been loaded. (took 162ms)
[23-03-02 22:07:42] [INFO] [DEBUG] Starting load of ArenaManagerImpl at 1677784062323
[23-03-02 22:07:42] [INFO] ArenaManagerImpl: Loaded 8 arena(s).
[23-03-02 22:07:42] [INFO] [DEBUG] ArenaManagerImpl has been loaded. (took 12ms)
[23-03-02 22:07:42] [INFO] [DEBUG] Starting load of SettingsManager at 1677784062335
[23-03-02 22:07:42] [INFO] [DEBUG] SettingsManager has been loaded. (took 0ms)
[23-03-02 22:07:42] [INFO] [DEBUG] Starting load of PlayerInfoManager at 1677784062335
[23-03-02 22:07:42] [WARNING] PlayerInfoManager: Lobby location was not set, using trxzort's spawn location as default. Use the command /duels setlobby in-game to set the lobby location.
[23-03-02 22:07:42] [INFO] [DEBUG] PlayerInfoManager has been loaded. (took 1ms)
[23-03-02 22:07:42] [INFO] [DEBUG] Starting load of SpectateManagerImpl at 1677784062336
[23-03-02 22:07:42] [INFO] [DEBUG] SpectateManagerImpl has been loaded. (took 0ms)
[23-03-02 22:07:42] [INFO] [DEBUG] Starting load of BettingManager at 1677784062336
[23-03-02 22:07:42] [INFO] [DEBUG] BettingManager has been loaded. (took 0ms)
[23-03-02 22:07:42] [INFO] [DEBUG] Starting load of InventoryManager at 1677784062336
[23-03-02 22:07:42] [INFO] [DEBUG] InventoryManager has been loaded. (took 1ms)
[23-03-02 22:07:42] [INFO] [DEBUG] Starting load of DuelManager at 1677784062337
[23-03-02 22:07:42] [INFO] [DEBUG] DuelManager has been loaded. (took 0ms)
[23-03-02 22:07:42] [INFO] [DEBUG] Starting load of QueueManager at 1677784062337
[23-03-02 22:07:42] [INFO] QueueManager: Loaded 0 queue(s).
[23-03-02 22:07:42] [INFO] [DEBUG] QueueManager has been loaded. (took 3ms)
[23-03-02 22:07:42] [INFO] [DEBUG] Starting load of QueueSignManagerImpl at 1677784062340
[23-03-02 22:07:42] [INFO] QueueSignManagerImpl: Loaded 0 queue sign(s).
[23-03-02 22:07:42] [INFO] [DEBUG] QueueSignManagerImpl has been loaded. (took 2ms)
[23-03-02 22:07:42] [INFO] [DEBUG] Starting load of RequestManager at 1677784062342
[23-03-02 22:07:42] [INFO] [DEBUG] RequestManager has been loaded. (took 0ms)
[23-03-02 22:07:42] [INFO] [DEBUG] Starting load of Teleport at 1677784062342
[23-03-02 22:07:42] [INFO] [DEBUG] Teleport has been loaded. (took 1ms)
[23-03-02 22:07:42] [INFO] [DEBUG] Starting load of ExtensionManager at 1677784062343
[23-03-02 22:07:42] [INFO] [DEBUG] ExtensionManager has been loaded. (took 0ms)
[23-03-02 22:07:43] [INFO] No updates were available. You are on the latest version!
[23-03-02 22:14:36] [INFO] [DEBUG] onEnable start -> 1677784476443

[23-03-02 22:14:36] [INFO] Using Economy Provider: net.milkbowl.vault.economy.plugins.Economy_Essentials
[23-03-02 22:14:36] [INFO] [DEBUG] Starting load of Config at 1677784476531
[23-03-02 22:14:36] [INFO] [DEBUG] Config has been loaded. (took 7ms)
[23-03-02 22:14:36] [INFO] [DEBUG] Starting load of Lang at 1677784476538
[23-03-02 22:14:36] [INFO] [DEBUG] Lang has been loaded. (took 11ms)
[23-03-02 22:14:36] [INFO] [DEBUG] Starting load of UserManagerImpl at 1677784476549
[23-03-02 22:14:36] [INFO] [DEBUG] UserManagerImpl has been loaded. (took 0ms)
[23-03-02 22:14:36] [INFO] [DEBUG] Starting load of GuiListener at 1677784476549
[23-03-02 22:14:36] [INFO] [DEBUG] GuiListener has been loaded. (took 0ms)
[23-03-02 22:14:36] [INFO] [DEBUG] Starting load of KitManagerImpl at 1677784476549
[23-03-02 22:14:36] [INFO] KitManagerImpl: Loaded 3 kit(s).
[23-03-02 22:14:36] [INFO] [DEBUG] KitManagerImpl has been loaded. (took 160ms)
[23-03-02 22:14:36] [INFO] [DEBUG] Starting load of ArenaManagerImpl at 1677784476709
[23-03-02 22:14:36] [INFO] ArenaManagerImpl: Loaded 8 arena(s).
[23-03-02 22:14:36] [INFO] [DEBUG] ArenaManagerImpl has been loaded. (took 12ms)
[23-03-02 22:14:36] [INFO] [DEBUG] Starting load of SettingsManager at 1677784476721
[23-03-02 22:14:36] [INFO] [DEBUG] SettingsManager has been loaded. (took 0ms)
[23-03-02 22:14:36] [INFO] [DEBUG] Starting load of PlayerInfoManager at 1677784476721
[23-03-02 22:14:36] [WARNING] PlayerInfoManager: Lobby location was not set, using trxzort's spawn location as default. Use the command /duels setlobby in-game to set the lobby location.
[23-03-02 22:14:36] [INFO] [DEBUG] PlayerInfoManager has been loaded. (took 1ms)
[23-03-02 22:14:36] [INFO] [DEBUG] Starting load of SpectateManagerImpl at 1677784476722
[23-03-02 22:14:36] [INFO] [DEBUG] SpectateManagerImpl has been loaded. (took 0ms)
[23-03-02 22:14:36] [INFO] [DEBUG] Starting load of BettingManager at 1677784476722
[23-03-02 22:14:36] [INFO] [DEBUG] BettingManager has been loaded. (took 0ms)
[23-03-02 22:14:36] [INFO] [DEBUG] Starting load of InventoryManager at 1677784476722
[23-03-02 22:14:36] [INFO] [DEBUG] InventoryManager has been loaded. (took 1ms)
[23-03-02 22:14:36] [INFO] [DEBUG] Starting load of DuelManager at 1677784476723
[23-03-02 22:14:36] [INFO] [DEBUG] DuelManager has been loaded. (took 0ms)
[23-03-02 22:14:36] [INFO] [DEBUG] Starting load of QueueManager at 1677784476723
[23-03-02 22:14:36] [INFO] QueueManager: Loaded 0 queue(s).
[23-03-02 22:14:36] [INFO] [DEBUG] QueueManager has been loaded. (took 2ms)
[23-03-02 22:14:36] [INFO] [DEBUG] Starting load of QueueSignManagerImpl at 1677784476725
[23-03-02 22:14:36] [INFO] QueueSignManagerImpl: Loaded 0 queue sign(s).
[23-03-02 22:14:36] [INFO] [DEBUG] QueueSignManagerImpl has been loaded. (took 2ms)
[23-03-02 22:14:36] [INFO] [DEBUG] Starting load of RequestManager at 1677784476727
[23-03-02 22:14:36] [INFO] [DEBUG] RequestManager has been loaded. (took 0ms)
[23-03-02 22:14:36] [INFO] [DEBUG] Starting load of Teleport at 1677784476727
[23-03-02 22:14:36] [INFO] [DEBUG] Teleport has been loaded. (took 0ms)
[23-03-02 22:14:36] [INFO] [DEBUG] Starting load of ExtensionManager at 1677784476727
[23-03-02 22:14:36] [INFO] [DEBUG] ExtensionManager has been loaded. (took 1ms)
[23-03-02 22:14:37] [INFO] No updates were available. You are on the latest version!
