[23-05-20 15:33:11] [INFO] [DEBUG] onEnable start -> 1684585991687

[23-05-20 15:33:11] [INFO] Using Economy Provider: net.milkbowl.vault.economy.plugins.Economy_Essentials
[23-05-20 15:33:11] [INFO] [DEBUG] Starting load of Config at 1684585991847
[23-05-20 15:33:11] [INFO] [DEBUG] Config has been loaded. (took 30ms)
[23-05-20 15:33:11] [INFO] [DEBUG] Starting load of Lang at 1684585991878
[23-05-20 15:33:11] [INFO] [DEBUG] Lang has been loaded. (took 28ms)
[23-05-20 15:33:11] [INFO] [DEBUG] Starting load of UserManagerImpl at 1684585991906
[23-05-20 15:33:11] [INFO] [DEBUG] UserManagerImpl has been loaded. (took 1ms)
[23-05-20 15:33:11] [INFO] [DEBUG] Starting load of GuiListener at 1684585991908
[23-05-20 15:33:11] [INFO] [DEBUG] GuiListener has been loaded. (took 0ms)
[23-05-20 15:33:11] [INFO] [DEBUG] Starting load of KitManagerImpl at 1684585991908
[23-05-20 15:33:12] [INFO] KitManagerImpl: Loaded 3 kit(s).
[23-05-20 15:33:12] [INFO] [DEBUG] KitManagerImpl has been loaded. (took 577ms)
[23-05-20 15:33:12] [INFO] [DEBUG] Starting load of ArenaManagerImpl at 1684585992485
[23-05-20 15:33:12] [INFO] ArenaManagerImpl: Loaded 8 arena(s).
[23-05-20 15:33:12] [INFO] [DEBUG] ArenaManagerImpl has been loaded. (took 63ms)
[23-05-20 15:33:12] [INFO] [DEBUG] Starting load of SettingsManager at 1684585992548
[23-05-20 15:33:12] [INFO] [DEBUG] SettingsManager has been loaded. (took 0ms)
[23-05-20 15:33:12] [INFO] [DEBUG] Starting load of PlayerInfoManager at 1684585992548
[23-05-20 15:33:12] [WARNING] PlayerInfoManager: Lobby location was not set, using trxzort's spawn location as default. Use the command /duels setlobby in-game to set the lobby location.
[23-05-20 15:33:12] [INFO] [DEBUG] PlayerInfoManager has been loaded. (took 2ms)
[23-05-20 15:33:12] [INFO] [DEBUG] Starting load of SpectateManagerImpl at 1684585992550
[23-05-20 15:33:12] [INFO] [DEBUG] SpectateManagerImpl has been loaded. (took 0ms)
[23-05-20 15:33:12] [INFO] [DEBUG] Starting load of BettingManager at 1684585992550
[23-05-20 15:33:12] [INFO] [DEBUG] BettingManager has been loaded. (took 0ms)
[23-05-20 15:33:12] [INFO] [DEBUG] Starting load of InventoryManager at 1684585992550
[23-05-20 15:33:12] [INFO] [DEBUG] InventoryManager has been loaded. (took 1ms)
[23-05-20 15:33:12] [INFO] [DEBUG] Starting load of DuelManager at 1684585992551
[23-05-20 15:33:12] [INFO] [DEBUG] DuelManager has been loaded. (took 0ms)
[23-05-20 15:33:12] [INFO] [DEBUG] Starting load of QueueManager at 1684585992551
[23-05-20 15:33:12] [INFO] QueueManager: Loaded 0 queue(s).
[23-05-20 15:33:12] [INFO] [DEBUG] QueueManager has been loaded. (took 5ms)
[23-05-20 15:33:12] [INFO] [DEBUG] Starting load of QueueSignManagerImpl at 1684585992557
[23-05-20 15:33:12] [INFO] QueueSignManagerImpl: Loaded 0 queue sign(s).
[23-05-20 15:33:12] [INFO] [DEBUG] QueueSignManagerImpl has been loaded. (took 4ms)
[23-05-20 15:33:12] [INFO] [DEBUG] Starting load of RequestManager at 1684585992561
[23-05-20 15:33:12] [INFO] [DEBUG] RequestManager has been loaded. (took 0ms)
[23-05-20 15:33:12] [INFO] [DEBUG] Starting load of Teleport at 1684585992561
[23-05-20 15:33:12] [INFO] [DEBUG] Teleport has been loaded. (took 0ms)
[23-05-20 15:33:12] [INFO] [DEBUG] Starting load of ExtensionManager at 1684585992561
[23-05-20 15:33:12] [INFO] [DEBUG] ExtensionManager has been loaded. (took 1ms)
[23-05-20 15:33:13] [INFO] ===============================================
[23-05-20 15:33:13] [INFO] An update for Duels is available!
[23-05-20 15:33:13] [INFO] Download Duels v3.5.3 here:
[23-05-20 15:33:13] [INFO] https://www.spigotmc.org/resources/duels.20171/
[23-05-20 15:33:13] [INFO] ===============================================
[23-05-20 19:34:19] [INFO] [DEBUG] onEnable start -> 1684600459605

[23-05-20 19:34:19] [INFO] Using Economy Provider: net.milkbowl.vault.economy.plugins.Economy_Essentials
[23-05-20 19:34:19] [INFO] [DEBUG] Starting load of Config at 1684600459760
[23-05-20 19:34:19] [INFO] [DEBUG] Config has been loaded. (took 32ms)
[23-05-20 19:34:19] [INFO] [DEBUG] Starting load of Lang at 1684600459792
[23-05-20 19:34:19] [INFO] [DEBUG] Lang has been loaded. (took 39ms)
[23-05-20 19:34:19] [INFO] [DEBUG] Starting load of UserManagerImpl at 1684600459831
[23-05-20 19:34:19] [INFO] [DEBUG] UserManagerImpl has been loaded. (took 1ms)
[23-05-20 19:34:19] [INFO] [DEBUG] Starting load of GuiListener at 1684600459832
[23-05-20 19:34:19] [INFO] [DEBUG] GuiListener has been loaded. (took 0ms)
[23-05-20 19:34:19] [INFO] [DEBUG] Starting load of KitManagerImpl at 1684600459832
[23-05-20 19:34:20] [INFO] KitManagerImpl: Loaded 3 kit(s).
[23-05-20 19:34:20] [INFO] [DEBUG] KitManagerImpl has been loaded. (took 278ms)
[23-05-20 19:34:20] [INFO] [DEBUG] Starting load of ArenaManagerImpl at 1684600460110
[23-05-20 19:34:20] [INFO] ArenaManagerImpl: Loaded 8 arena(s).
[23-05-20 19:34:20] [INFO] [DEBUG] ArenaManagerImpl has been loaded. (took 76ms)
[23-05-20 19:34:20] [INFO] [DEBUG] Starting load of SettingsManager at 1684600460186
[23-05-20 19:34:20] [INFO] [DEBUG] SettingsManager has been loaded. (took 0ms)
[23-05-20 19:34:20] [INFO] [DEBUG] Starting load of PlayerInfoManager at 1684600460186
[23-05-20 19:34:20] [WARNING] PlayerInfoManager: Lobby location was not set, using trxzort's spawn location as default. Use the command /duels setlobby in-game to set the lobby location.
[23-05-20 19:34:20] [INFO] [DEBUG] PlayerInfoManager has been loaded. (took 2ms)
[23-05-20 19:34:20] [INFO] [DEBUG] Starting load of SpectateManagerImpl at 1684600460188
[23-05-20 19:34:20] [INFO] [DEBUG] SpectateManagerImpl has been loaded. (took 0ms)
[23-05-20 19:34:20] [INFO] [DEBUG] Starting load of BettingManager at 1684600460188
[23-05-20 19:34:20] [INFO] [DEBUG] BettingManager has been loaded. (took 0ms)
[23-05-20 19:34:20] [INFO] [DEBUG] Starting load of InventoryManager at 1684600460188
[23-05-20 19:34:20] [INFO] [DEBUG] InventoryManager has been loaded. (took 1ms)
[23-05-20 19:34:20] [INFO] [DEBUG] Starting load of DuelManager at 1684600460189
[23-05-20 19:34:20] [INFO] [DEBUG] DuelManager has been loaded. (took 0ms)
[23-05-20 19:34:20] [INFO] [DEBUG] Starting load of QueueManager at 1684600460189
[23-05-20 19:34:20] [INFO] QueueManager: Loaded 0 queue(s).
[23-05-20 19:34:20] [INFO] [DEBUG] QueueManager has been loaded. (took 3ms)
[23-05-20 19:34:20] [INFO] [DEBUG] Starting load of QueueSignManagerImpl at 1684600460192
[23-05-20 19:34:20] [INFO] QueueSignManagerImpl: Loaded 0 queue sign(s).
[23-05-20 19:34:20] [INFO] [DEBUG] QueueSignManagerImpl has been loaded. (took 3ms)
[23-05-20 19:34:20] [INFO] [DEBUG] Starting load of RequestManager at 1684600460195
[23-05-20 19:34:20] [INFO] [DEBUG] RequestManager has been loaded. (took 0ms)
[23-05-20 19:34:20] [INFO] [DEBUG] Starting load of Teleport at 1684600460195
[23-05-20 19:34:20] [INFO] [DEBUG] Teleport has been loaded. (took 0ms)
[23-05-20 19:34:20] [INFO] [DEBUG] Starting load of ExtensionManager at 1684600460195
[23-05-20 19:34:20] [INFO] [DEBUG] ExtensionManager has been loaded. (took 1ms)
[23-05-20 19:34:21] [INFO] ===============================================
[23-05-20 19:34:21] [INFO] An update for Duels is available!
[23-05-20 19:34:21] [INFO] Download Duels v3.5.3 here:
[23-05-20 19:34:21] [INFO] https://www.spigotmc.org/resources/duels.20171/
[23-05-20 19:34:21] [INFO] ===============================================
[23-05-20 21:05:00] [INFO] [DEBUG] onEnable start -> 1684605900019

[23-05-20 21:05:00] [INFO] Using Economy Provider: net.milkbowl.vault.economy.plugins.Economy_Essentials
[23-05-20 21:05:00] [INFO] [DEBUG] Starting load of Config at 1684605900215
[23-05-20 21:05:00] [INFO] [DEBUG] Config has been loaded. (took 29ms)
[23-05-20 21:05:00] [INFO] [DEBUG] Starting load of Lang at 1684605900244
[23-05-20 21:05:00] [INFO] [DEBUG] Lang has been loaded. (took 26ms)
[23-05-20 21:05:00] [INFO] [DEBUG] Starting load of UserManagerImpl at 1684605900270
[23-05-20 21:05:00] [INFO] [DEBUG] UserManagerImpl has been loaded. (took 1ms)
[23-05-20 21:05:00] [INFO] [DEBUG] Starting load of GuiListener at 1684605900271
[23-05-20 21:05:00] [INFO] [DEBUG] GuiListener has been loaded. (took 0ms)
[23-05-20 21:05:00] [INFO] [DEBUG] Starting load of KitManagerImpl at 1684605900271
[23-05-20 21:05:00] [INFO] KitManagerImpl: Loaded 3 kit(s).
[23-05-20 21:05:00] [INFO] [DEBUG] KitManagerImpl has been loaded. (took 313ms)
[23-05-20 21:05:00] [INFO] [DEBUG] Starting load of ArenaManagerImpl at 1684605900584
[23-05-20 21:05:00] [INFO] ArenaManagerImpl: Loaded 8 arena(s).
[23-05-20 21:05:00] [INFO] [DEBUG] ArenaManagerImpl has been loaded. (took 44ms)
[23-05-20 21:05:00] [INFO] [DEBUG] Starting load of SettingsManager at 1684605900628
[23-05-20 21:05:00] [INFO] [DEBUG] SettingsManager has been loaded. (took 0ms)
[23-05-20 21:05:00] [INFO] [DEBUG] Starting load of PlayerInfoManager at 1684605900629
[23-05-20 21:05:00] [WARNING] PlayerInfoManager: Lobby location was not set, using trxzort's spawn location as default. Use the command /duels setlobby in-game to set the lobby location.
[23-05-20 21:05:00] [INFO] [DEBUG] PlayerInfoManager has been loaded. (took 2ms)
[23-05-20 21:05:00] [INFO] [DEBUG] Starting load of SpectateManagerImpl at 1684605900631
[23-05-20 21:05:00] [INFO] [DEBUG] SpectateManagerImpl has been loaded. (took 0ms)
[23-05-20 21:05:00] [INFO] [DEBUG] Starting load of BettingManager at 1684605900631
[23-05-20 21:05:00] [INFO] [DEBUG] BettingManager has been loaded. (took 0ms)
[23-05-20 21:05:00] [INFO] [DEBUG] Starting load of InventoryManager at 1684605900631
[23-05-20 21:05:00] [INFO] [DEBUG] InventoryManager has been loaded. (took 1ms)
[23-05-20 21:05:00] [INFO] [DEBUG] Starting load of DuelManager at 1684605900632
[23-05-20 21:05:00] [INFO] [DEBUG] DuelManager has been loaded. (took 1ms)
[23-05-20 21:05:00] [INFO] [DEBUG] Starting load of QueueManager at 1684605900633
[23-05-20 21:05:00] [INFO] QueueManager: Loaded 0 queue(s).
[23-05-20 21:05:00] [INFO] [DEBUG] QueueManager has been loaded. (took 5ms)
[23-05-20 21:05:00] [INFO] [DEBUG] Starting load of QueueSignManagerImpl at 1684605900638
[23-05-20 21:05:00] [INFO] QueueSignManagerImpl: Loaded 0 queue sign(s).
[23-05-20 21:05:00] [INFO] [DEBUG] QueueSignManagerImpl has been loaded. (took 5ms)
[23-05-20 21:05:00] [INFO] [DEBUG] Starting load of RequestManager at 1684605900643
[23-05-20 21:05:00] [INFO] [DEBUG] RequestManager has been loaded. (took 0ms)
[23-05-20 21:05:00] [INFO] [DEBUG] Starting load of Teleport at 1684605900643
[23-05-20 21:05:00] [INFO] [DEBUG] Teleport has been loaded. (took 1ms)
[23-05-20 21:05:00] [INFO] [DEBUG] Starting load of ExtensionManager at 1684605900644
[23-05-20 21:05:00] [INFO] [DEBUG] ExtensionManager has been loaded. (took 1ms)
[23-05-20 21:05:01] [INFO] ===============================================
[23-05-20 21:05:01] [INFO] An update for Duels is available!
[23-05-20 21:05:01] [INFO] Download Duels v3.5.3 here:
[23-05-20 21:05:01] [INFO] https://www.spigotmc.org/resources/duels.20171/
[23-05-20 21:05:01] [INFO] ===============================================
