[24-02-01 07:15:21] [INFO] [DEBUG] onEnable start -> 1706768121801

[24-02-01 07:15:21] [INFO] Using Economy Provider: net.milkbowl.vault.economy.plugins.Economy_Essentials
[24-02-01 07:15:21] [INFO] [DEBUG] Starting load of Config at 1706768121892
[24-02-01 07:15:21] [INFO] [DEBUG] Config has been loaded. (took 4ms)
[24-02-01 07:15:21] [INFO] [DEBUG] Starting load of Lang at 1706768121897
[24-02-01 07:15:21] [INFO] [DEBUG] Lang has been loaded. (took 6ms)
[24-02-01 07:15:21] [INFO] [DEBUG] Starting load of UserManagerImpl at 1706768121903
[24-02-01 07:15:21] [INFO] [DEBUG] UserManagerImpl has been loaded. (took 0ms)
[24-02-01 07:15:21] [INFO] [DEBUG] Starting load of GuiListener at 1706768121903
[24-02-01 07:15:21] [INFO] [DEBUG] GuiListener has been loaded. (took 1ms)
[24-02-01 07:15:21] [INFO] [DEBUG] Starting load of KitManagerImpl at 1706768121904
[24-02-01 07:15:22] [INFO] KitManagerImpl: Loaded 3 kit(s).
[24-02-01 07:15:22] [INFO] [DEBUG] KitManagerImpl has been loaded. (took 150ms)
[24-02-01 07:15:22] [INFO] [DEBUG] Starting load of ArenaManagerImpl at 1706768122054
[24-02-01 07:15:22] [INFO] ArenaManagerImpl: Loaded 8 arena(s).
[24-02-01 07:15:22] [INFO] [DEBUG] ArenaManagerImpl has been loaded. (took 12ms)
[24-02-01 07:15:22] [INFO] [DEBUG] Starting load of SettingsManager at 1706768122066
[24-02-01 07:15:22] [INFO] [DEBUG] SettingsManager has been loaded. (took 0ms)
[24-02-01 07:15:22] [INFO] [DEBUG] Starting load of PlayerInfoManager at 1706768122066
[24-02-01 07:15:22] [WARNING] PlayerInfoManager: Lobby location was not set, using trxzort's spawn location as default. Use the command /duels setlobby in-game to set the lobby location.
[24-02-01 07:15:22] [INFO] [DEBUG] PlayerInfoManager has been loaded. (took 1ms)
[24-02-01 07:15:22] [INFO] [DEBUG] Starting load of SpectateManagerImpl at 1706768122067
[24-02-01 07:15:22] [INFO] [DEBUG] SpectateManagerImpl has been loaded. (took 0ms)
[24-02-01 07:15:22] [INFO] [DEBUG] Starting load of BettingManager at 1706768122067
[24-02-01 07:15:22] [INFO] [DEBUG] BettingManager has been loaded. (took 0ms)
[24-02-01 07:15:22] [INFO] [DEBUG] Starting load of InventoryManager at 1706768122067
[24-02-01 07:15:22] [INFO] [DEBUG] InventoryManager has been loaded. (took 0ms)
[24-02-01 07:15:22] [INFO] [DEBUG] Starting load of DuelManager at 1706768122067
[24-02-01 07:15:22] [INFO] [DEBUG] DuelManager has been loaded. (took 0ms)
[24-02-01 07:15:22] [INFO] [DEBUG] Starting load of QueueManager at 1706768122067
[24-02-01 07:15:22] [INFO] QueueManager: Loaded 0 queue(s).
[24-02-01 07:15:22] [INFO] [DEBUG] QueueManager has been loaded. (took 2ms)
[24-02-01 07:15:22] [INFO] [DEBUG] Starting load of QueueSignManagerImpl at 1706768122069
[24-02-01 07:15:22] [INFO] QueueSignManagerImpl: Loaded 0 queue sign(s).
[24-02-01 07:15:22] [INFO] [DEBUG] QueueSignManagerImpl has been loaded. (took 2ms)
[24-02-01 07:15:22] [INFO] [DEBUG] Starting load of RequestManager at 1706768122071
[24-02-01 07:15:22] [INFO] [DEBUG] RequestManager has been loaded. (took 0ms)
[24-02-01 07:15:22] [INFO] [DEBUG] Starting load of Teleport at 1706768122071
[24-02-01 07:15:22] [INFO] [DEBUG] Teleport has been loaded. (took 0ms)
[24-02-01 07:15:22] [INFO] [DEBUG] Starting load of ExtensionManager at 1706768122071
[24-02-01 07:15:22] [INFO] [DEBUG] ExtensionManager has been loaded. (took 0ms)
[24-02-01 07:15:23] [INFO] ===============================================
[24-02-01 07:15:23] [INFO] An update for Duels is available!
[24-02-01 07:15:23] [INFO] Download Duels v3.5.3 here:
[24-02-01 07:15:23] [INFO] https://www.spigotmc.org/resources/duels.20171/
[24-02-01 07:15:23] [INFO] ===============================================
[24-02-01 07:28:26] [INFO] [DEBUG] onDisable start -> 1706768906945

[24-02-01 07:28:26] [INFO] [DEBUG] Starting unload of ExtensionManager at 1706768906948
[24-02-01 07:28:26] [INFO] [DEBUG] ExtensionManager has been unloaded. (took 0ms)
[24-02-01 07:28:26] [INFO] [DEBUG] Starting unload of Teleport at 1706768906948
[24-02-01 07:28:26] [INFO] [DEBUG] Teleport has been unloaded. (took 0ms)
[24-02-01 07:28:26] [INFO] [DEBUG] Starting unload of RequestManager at 1706768906948
[24-02-01 07:28:26] [INFO] [DEBUG] RequestManager has been unloaded. (took 0ms)
[24-02-01 07:28:26] [INFO] [DEBUG] Starting unload of QueueSignManagerImpl at 1706768906948
[24-02-01 07:28:26] [INFO] [DEBUG] QueueSignManagerImpl has been unloaded. (took 0ms)
[24-02-01 07:28:26] [INFO] [DEBUG] Starting unload of QueueManager at 1706768906948
[24-02-01 07:28:26] [INFO] [DEBUG] QueueManager has been unloaded. (took 0ms)
[24-02-01 07:28:26] [INFO] [DEBUG] Starting unload of DuelManager at 1706768906948
[24-02-01 07:28:26] [INFO] [DEBUG] DuelManager has been unloaded. (took 0ms)
[24-02-01 07:28:26] [INFO] [DEBUG] Starting unload of InventoryManager at 1706768906948
[24-02-01 07:28:26] [INFO] [DEBUG] InventoryManager has been unloaded. (took 0ms)
[24-02-01 07:28:26] [INFO] [DEBUG] Starting unload of BettingManager at 1706768906948
[24-02-01 07:28:26] [INFO] [DEBUG] BettingManager has been unloaded. (took 0ms)
[24-02-01 07:28:26] [INFO] [DEBUG] Starting unload of SpectateManagerImpl at 1706768906948
[24-02-01 07:28:26] [INFO] [DEBUG] SpectateManagerImpl has been unloaded. (took 0ms)
[24-02-01 07:28:26] [INFO] [DEBUG] Starting unload of PlayerInfoManager at 1706768906948
[24-02-01 07:28:26] [INFO] [DEBUG] PlayerInfoManager has been unloaded. (took 1ms)
[24-02-01 07:28:26] [INFO] [DEBUG] Starting unload of SettingsManager at 1706768906949
[24-02-01 07:28:26] [INFO] [DEBUG] SettingsManager has been unloaded. (took 0ms)
[24-02-01 07:28:26] [INFO] [DEBUG] Starting unload of ArenaManagerImpl at 1706768906949
[24-02-01 07:28:26] [INFO] [DEBUG] ArenaManagerImpl has been unloaded. (took 0ms)
[24-02-01 07:28:26] [INFO] [DEBUG] Starting unload of KitManagerImpl at 1706768906949
[24-02-01 07:28:26] [INFO] [DEBUG] KitManagerImpl has been unloaded. (took 0ms)
[24-02-01 07:28:26] [INFO] [DEBUG] Starting unload of GuiListener at 1706768906949
[24-02-01 07:28:26] [INFO] [DEBUG] GuiListener has been unloaded. (took 0ms)
[24-02-01 07:28:26] [INFO] [DEBUG] Starting unload of UserManagerImpl at 1706768906949
[24-02-01 07:28:26] [INFO] [DEBUG] UserManagerImpl has been unloaded. (took 0ms)
[24-02-01 07:28:26] [INFO] [DEBUG] Starting unload of Lang at 1706768906949
[24-02-01 07:28:26] [INFO] [DEBUG] Lang has been unloaded. (took 0ms)
[24-02-01 07:28:26] [INFO] [DEBUG] Starting unload of Config at 1706768906949
[24-02-01 07:28:26] [INFO] [DEBUG] Config has been unloaded. (took 0ms)
[24-02-01 07:28:26] [INFO] [DEBUG] unload done (took 4ms)
[24-02-01 07:28:26] [INFO] [DEBUG] Log#clearSources done (took 0ms)
